[0.007s] Invoking command in '/home/joe/vision_bringup/build/rm_vision_bringup': CMAKE_PREFIX_PATH=${CMAKE_PREFIX_PATH}:/opt/ros/humble _=/usr/bin/env /usr/bin/cmake /home/joe/vision_bringup/rm_vision_bringup -DCMAKE_INSTALL_PREFIX=/home/joe/vision_bringup/install/rm_vision_bringup
[0.138s] -- The C compiler identification is GNU 11.4.0
[0.655s] -- The CXX compiler identification is GNU 11.4.0
[1.035s] -- Detecting C compiler ABI info
[1.220s] -- Detecting C compiler ABI info - done
[1.224s] -- Check for working C compiler: /usr/bin/cc - skipped
[1.224s] -- Detecting C compile features
[1.225s] -- Detecting C compile features - done
[1.227s] -- Detecting CXX compiler ABI info
[1.411s] -- Detecting CXX compiler ABI info - done
[1.417s] -- Check for working CXX compiler: /usr/bin/c++ - skipped
[1.417s] -- Detecting CXX compile features
[1.417s] -- Detecting CXX compile features - done
[1.418s] -- Found ament_cmake_auto: 1.3.10 (/opt/ros/humble/share/ament_cmake_auto/cmake)
[1.512s] -- Found Python3: /usr/bin/python3 (found version "3.10.12") found components: Interpreter 
[1.566s] -- Found ament_lint_auto: 0.12.11 (/opt/ros/humble/share/ament_lint_auto/cmake)
[1.607s] -- Configuring done
[1.609s] -- Generating done
[1.610s] -- Build files have been written to: /home/joe/vision_bringup/build/rm_vision_bringup
[1.614s] Invoked command in '/home/joe/vision_bringup/build/rm_vision_bringup' returned '0': CMAKE_PREFIX_PATH=${CMAKE_PREFIX_PATH}:/opt/ros/humble _=/usr/bin/env /usr/bin/cmake /home/joe/vision_bringup/rm_vision_bringup -DCMAKE_INSTALL_PREFIX=/home/joe/vision_bringup/install/rm_vision_bringup
[1.615s] Invoking command in '/home/joe/vision_bringup/build/rm_vision_bringup': CMAKE_PREFIX_PATH=${CMAKE_PREFIX_PATH}:/opt/ros/humble _=/usr/bin/env /usr/bin/cmake --build /home/joe/vision_bringup/build/rm_vision_bringup -- -j16 -l16
[1.635s] Invoked command in '/home/joe/vision_bringup/build/rm_vision_bringup' returned '0': CMAKE_PREFIX_PATH=${CMAKE_PREFIX_PATH}:/opt/ros/humble _=/usr/bin/env /usr/bin/cmake --build /home/joe/vision_bringup/build/rm_vision_bringup -- -j16 -l16
[1.658s] Invoking command in '/home/joe/vision_bringup/build/rm_vision_bringup': CMAKE_PREFIX_PATH=${CMAKE_PREFIX_PATH}:/opt/ros/humble _=/usr/bin/env /usr/bin/cmake --install /home/joe/vision_bringup/build/rm_vision_bringup
[1.662s] -- Install configuration: ""
[1.662s] -- Installing: /home/joe/vision_bringup/install/rm_vision_bringup/share/rm_vision_bringup/launch
[1.662s] -- Installing: /home/joe/vision_bringup/install/rm_vision_bringup/share/rm_vision_bringup/launch/no_hardware.launch.py
[1.662s] -- Installing: /home/joe/vision_bringup/install/rm_vision_bringup/share/rm_vision_bringup/launch/vision_bringup.launch.py
[1.662s] -- Installing: /home/joe/vision_bringup/install/rm_vision_bringup/share/rm_vision_bringup/launch/common.py
[1.662s] -- Installing: /home/joe/vision_bringup/install/rm_vision_bringup/share/rm_vision_bringup/config
[1.663s] -- Installing: /home/joe/vision_bringup/install/rm_vision_bringup/share/rm_vision_bringup/config/node_params.yaml
[1.663s] -- Installing: /home/joe/vision_bringup/install/rm_vision_bringup/share/rm_vision_bringup/config/launch_params.yaml
[1.663s] -- Installing: /home/joe/vision_bringup/install/rm_vision_bringup/share/rm_vision_bringup/config/camera_info.yaml
[1.663s] -- Installing: /home/joe/vision_bringup/install/rm_vision_bringup/share/ament_index/resource_index/package_run_dependencies/rm_vision_bringup
[1.663s] -- Installing: /home/joe/vision_bringup/install/rm_vision_bringup/share/ament_index/resource_index/parent_prefix_path/rm_vision_bringup
[1.663s] -- Installing: /home/joe/vision_bringup/install/rm_vision_bringup/share/rm_vision_bringup/environment/ament_prefix_path.sh
[1.663s] -- Installing: /home/joe/vision_bringup/install/rm_vision_bringup/share/rm_vision_bringup/environment/ament_prefix_path.dsv
[1.663s] -- Installing: /home/joe/vision_bringup/install/rm_vision_bringup/share/rm_vision_bringup/environment/path.sh
[1.663s] -- Installing: /home/joe/vision_bringup/install/rm_vision_bringup/share/rm_vision_bringup/environment/path.dsv
[1.664s] -- Installing: /home/joe/vision_bringup/install/rm_vision_bringup/share/rm_vision_bringup/local_setup.bash
[1.664s] -- Installing: /home/joe/vision_bringup/install/rm_vision_bringup/share/rm_vision_bringup/local_setup.sh
[1.664s] -- Installing: /home/joe/vision_bringup/install/rm_vision_bringup/share/rm_vision_bringup/local_setup.zsh
[1.664s] -- Installing: /home/joe/vision_bringup/install/rm_vision_bringup/share/rm_vision_bringup/local_setup.dsv
[1.664s] -- Installing: /home/joe/vision_bringup/install/rm_vision_bringup/share/rm_vision_bringup/package.dsv
[1.664s] -- Installing: /home/joe/vision_bringup/install/rm_vision_bringup/share/ament_index/resource_index/packages/rm_vision_bringup
[1.664s] -- Installing: /home/joe/vision_bringup/install/rm_vision_bringup/share/rm_vision_bringup/cmake/rm_vision_bringupConfig.cmake
[1.664s] -- Installing: /home/joe/vision_bringup/install/rm_vision_bringup/share/rm_vision_bringup/cmake/rm_vision_bringupConfig-version.cmake
[1.664s] -- Installing: /home/joe/vision_bringup/install/rm_vision_bringup/share/rm_vision_bringup/package.xml
[1.666s] Invoked command in '/home/joe/vision_bringup/build/rm_vision_bringup' returned '0': CMAKE_PREFIX_PATH=${CMAKE_PREFIX_PATH}:/opt/ros/humble _=/usr/bin/env /usr/bin/cmake --install /home/joe/vision_bringup/build/rm_vision_bringup
